2016-12-26 12:47:59,889 [Worker-2] INFO  c.g.t.t.d.PublishedGradleVersions - Gradle version information cache is not available. Remote download required.
2016-12-27 20:29:25,050 [Worker-2] INFO  c.g.t.t.d.PublishedGradleVersions - Gradle version information cache is out-of-date. Trying to update.
2017-01-02 16:05:55,682 [Worker-3] INFO  c.g.t.t.d.PublishedGradleVersions - Gradle version information cache is out-of-date. Trying to update.
2017-01-04 06:07:30,138 [Worker-4] INFO  c.g.t.t.d.PublishedGradleVersions - Gradle version information cache is out-of-date. Trying to update.
2017-01-18 21:42:10,046 [Worker-1] INFO  c.g.t.t.d.PublishedGradleVersions - Gradle version information cache is out-of-date. Trying to update.
2017-03-26 20:11:43,856 [Worker-10] INFO  c.g.t.t.d.PublishedGradleVersions - Gradle version information cache is out-of-date. Trying to update.
2017-04-14 13:45:33,932 [Worker-0] INFO  c.g.t.t.d.PublishedGradleVersions - Gradle version information cache is out-of-date. Trying to update.
2017-04-15 20:16:26,262 [Worker-3] INFO  c.g.t.t.d.PublishedGradleVersions - Gradle version information cache is out-of-date. Trying to update.
2017-04-17 22:06:43,103 [Worker-4] INFO  c.g.t.t.d.PublishedGradleVersions - Gradle version information cache is out-of-date. Trying to update.
2017-04-17 22:28:53,899 [Worker-0] INFO  c.g.t.t.d.PublishedGradleVersions - Gradle version information cache is up-to-date. Trying to read.
2017-04-17 22:29:24,705 [Start Help Server] INFO  org.eclipse.jetty.util.log - Logging initialized @223685ms
2017-04-17 22:29:25,819 [Start Help Server] INFO  org.eclipse.jetty.server.Server - jetty-9.3.9.v20160517
2017-04-17 22:29:26,214 [Start Help Server] INFO  o.e.j.server.handler.ContextHandler - Started o.e.j.s.ServletContextHandler@6afcd391{/help,null,AVAILABLE}
2017-04-17 22:29:26,316 [Start Help Server] INFO  o.e.jetty.server.AbstractConnector - Started ServerConnector@495bd858{HTTP/1.1,[http/1.1]}{127.0.0.1:51323}
2017-04-17 22:29:26,317 [Start Help Server] INFO  org.eclipse.jetty.server.Server - Started @225297ms
2017-04-17 22:30:16,183 [Stop Help Server] INFO  o.e.jetty.server.AbstractConnector - Stopped ServerConnector@495bd858{HTTP/1.1,[http/1.1]}{127.0.0.1:0}
2017-04-17 22:30:16,615 [Stop Help Server] INFO  o.e.j.server.handler.ContextHandler - Stopped o.e.j.s.ServletContextHandler@6afcd391{/help,null,UNAVAILABLE}
2017-04-18 16:16:26,656 [Worker-0] INFO  c.g.t.t.d.PublishedGradleVersions - Gradle version information cache is up-to-date. Trying to read.
2017-04-19 18:15:37,419 [Worker-1] INFO  c.g.t.t.d.PublishedGradleVersions - Gradle version information cache is out-of-date. Trying to update.
2017-04-19 18:21:14,877 [Start Help Server] INFO  org.eclipse.jetty.util.log - Logging initialized @503659ms
2017-04-19 18:21:15,834 [Start Help Server] INFO  org.eclipse.jetty.server.Server - jetty-9.3.9.v20160517
2017-04-19 18:21:16,092 [Start Help Server] INFO  o.e.j.server.handler.ContextHandler - Started o.e.j.s.ServletContextHandler@78ca2b2d{/help,null,AVAILABLE}
2017-04-19 18:21:16,247 [Start Help Server] INFO  o.e.jetty.server.AbstractConnector - Started ServerConnector@7010c2e5{HTTP/1.1,[http/1.1]}{127.0.0.1:61609}
2017-04-19 18:21:16,248 [Start Help Server] INFO  org.eclipse.jetty.server.Server - Started @505031ms
2017-04-19 18:47:19,528 [Stop Help Server] INFO  o.e.jetty.server.AbstractConnector - Stopped ServerConnector@7010c2e5{HTTP/1.1,[http/1.1]}{127.0.0.1:0}
2017-04-19 18:47:19,914 [Stop Help Server] INFO  o.e.j.server.handler.ContextHandler - Stopped o.e.j.s.ServletContextHandler@78ca2b2d{/help,null,UNAVAILABLE}
2017-04-19 18:49:26,674 [Worker-4] INFO  c.g.t.t.d.PublishedGradleVersions - Gradle version information cache is up-to-date. Trying to read.
2017-04-20 20:09:10,396 [Worker-5] INFO  c.g.t.t.d.PublishedGradleVersions - Gradle version information cache is out-of-date. Trying to update.
2017-04-22 19:33:01,295 [Worker-4] INFO  c.g.t.t.d.PublishedGradleVersions - Gradle version information cache is out-of-date. Trying to update.
2017-04-25 20:23:04,004 [Worker-3] INFO  c.g.t.t.d.PublishedGradleVersions - Gradle version information cache is out-of-date. Trying to update.
2017-04-26 18:31:02,974 [Worker-5] INFO  c.g.t.t.d.PublishedGradleVersions - Gradle version information cache is up-to-date. Trying to read.
2017-04-26 21:07:00,573 [Worker-3] INFO  c.g.t.t.d.PublishedGradleVersions - Gradle version information cache is out-of-date. Trying to update.
2017-05-07 15:34:05,495 [Worker-2] INFO  c.g.t.t.d.PublishedGradleVersions - Gradle version information cache is up-to-date. Trying to read.
2017-05-09 15:05:01,177 [Worker-0] INFO  c.g.t.t.d.PublishedGradleVersions - Gradle version information cache is out-of-date. Trying to update.
2017-05-10 19:33:16,770 [Worker-2] INFO  c.g.t.t.d.PublishedGradleVersions - Gradle version information cache is out-of-date. Trying to update.
2017-05-11 13:51:56,991 [Worker-4] INFO  c.g.t.t.d.PublishedGradleVersions - Gradle version information cache is up-to-date. Trying to read.
2017-05-12 16:00:44,515 [Worker-4] INFO  c.g.t.t.d.PublishedGradleVersions - Gradle version information cache is out-of-date. Trying to update.
2017-05-14 23:08:39,936 [Worker-3] INFO  c.g.t.t.d.PublishedGradleVersions - Gradle version information cache is out-of-date. Trying to update.
2017-05-20 15:15:02,223 [Worker-4] INFO  c.g.t.t.d.PublishedGradleVersions - Gradle version information cache is out-of-date. Trying to update.
2017-05-23 21:08:06,759 [Worker-4] INFO  c.g.t.t.d.PublishedGradleVersions - Gradle version information cache is out-of-date. Trying to update.
2017-05-24 22:52:06,241 [Worker-2] INFO  c.g.t.t.d.PublishedGradleVersions - Gradle version information cache is out-of-date. Trying to update.
