21:30:50 **** Incremental Build of configuration Debug for project test ****
Info: Internal Builder is used for build
g++ "-IC:\\MinGW\\bin" -O0 -g3 -Wall -c -fmessage-length=0 -o "src\\test.o" "..\\src\\test.cpp" 
g++ "-IC:\\MinGW\\bin" -O0 -g3 -Wall -c -fmessage-length=0 -o "src\\work.o" "..\\src\\work.cpp" 
g++ -shared -o libtest.exe "src\\test.o" "src\\work.o" 
Info: Nothing to build for test2
Info: Nothing to build for test2
21:53:37 **** Incremental Build of configuration Debug for project test ****
Info: Internal Builder is used for build
g++ -shared -o libtest.exe "src\\test.o" "src\\work.o" 
21:53:39 **** Incremental Build of configuration Debug for project test2 ****
Info: Internal Builder is used for build
g++ -shared -o libtest2.exe "src\\test2.o" 
21:59:32 **** Clean-only build of configuration Debug for project test ****
rm -rf src/test.o src/work.o libtest.exe src/work.d src/test.d 
      0 [main] us 0 init_cheap: VirtualAlloc pointer is null, Win32 error 487
AllocationBase 0x0, BaseAddress 0x60EA0000, RegionSize 0x230000, State 0x10000
C:\MinGW\msys\1.0\bin\rm.exe: *** Couldn't reserve space for cygwin's heap, Win32 error 0
21:59:34 **** Clean-only build of configuration Debug for project test2 ****
rm -rf src/test2.o libtest2.exe src/test2.d 
      0 [main] us 0 init_cheap: VirtualAlloc pointer is null, Win32 error 487
AllocationBase 0x0, BaseAddress 0x60EA0000, RegionSize 0x230000, State 0x10000
C:\MinGW\msys\1.0\bin\rm.exe: *** Couldn't reserve space for cygwin's heap, Win32 error 0
22:55:07 **** Clean-only build of configuration Debug for project test ****
rm -rf src/test.o src/work.o libtest.exe src/work.d src/test.d 
      0 [main] us 0 init_cheap: VirtualAlloc pointer is null, Win32 error 487
AllocationBase 0x0, BaseAddress 0x60EA0000, RegionSize 0x230000, State 0x10000
C:\MinGW\msys\1.0\bin\rm.exe: *** Couldn't reserve space for cygwin's heap, Win32 error 0
22:55:08 **** Clean-only build of configuration Debug for project test2 ****
rm -rf src/test2.o libtest2.exe src/test2.d 
      0 [main] us 0 init_cheap: VirtualAlloc pointer is null, Win32 error 487
AllocationBase 0x0, BaseAddress 0x60EA0000, RegionSize 0x230000, State 0x10000
C:\MinGW\msys\1.0\bin\rm.exe: *** Couldn't reserve space for cygwin's heap, Win32 error 0
22:57:46 **** Rebuild of configuration Debug for project test ****
Info: Internal Builder is used for build
g++ -O0 -g3 -Wall -c -fmessage-length=0 -o "src\\test.o" "..\\src\\test.cpp" 
g++ -o test.exe "src\\test.o" 
Info: Nothing to build for test
23:02:15 **** Running scanner discovery: CDT GCC Built-in Compiler Settings MinGW ****
gcc -E -P -v -dD C:/Users/J/Documents/Coding/Java/.metadata/.plugins/org.eclipse.cdt.managedbuilder.core/spec.c 
Cannot run program "gcc": Launching failed

Error: Program "gcc" not found in PATH
PATH=[\bin;C:\MinGW\msys\1.0\bin;C:/Program Files/Java/jre1.8.0_121/bin/server;C:/Program Files/Java/jre1.8.0_121/bin;C:/Program Files/Java/jre1.8.0_121/lib/amd64;C:\ProgramData\Oracle\Java\javapath;C:\Program Files (x86)\AMD APP\bin\x86_64;C:\Program Files (x86)\AMD APP\bin\x86;C:\Program Files\Common Files\Microsoft Shared\Windows Live;C:\Program Files (x86)\Common Files\Microsoft Shared\Windows Live;C:\WINDOWS\system32;C:\WINDOWS;C:\WINDOWS\System32\Wbem;C:\WINDOWS\System32\WindowsPowerShell\v1.0\;C:\Program Files (x86)\Windows Live\Shared;C:\Program Files (x86)\EgisTec MyWinLocker\x64;C:\Program Files (x86)\EgisTec MyWinLocker\;C:\Program Files (x86)\ATI Technologies\ATI.ACE\Core-Static;C:\Program Files (x86)\QuickTime\QTSystem\;C:\Program Files\nodejs\;C:\Program Files (x86)\Heroku\bin;C:\Program Files (x86)\git\cmd;C:\Program Files (x86)\Git\cmd;C:\Program Files\Java\jdk1.8.0_92\bin;C:\Program Files (x86)\Brackets\command;C:\Program Files (x86)\Skype\Phone\;C:\wamp\bin\php\php5.5.12;C:\ProgramData\ComposerSetup\bin;C:\Ruby23\bin;C:\Program Files\MongoDB\Server\3.2\bin;C:\Users\J\AppData\Local\Microsoft\WindowsApps;C:\Program Files\Java\jdk1.8.0_92\bin;C:\Users\J\AppData\Roaming\npm;C:\wamp\bin\mysql\mysql5.6.17\bin;C:\Users\J\AppData\Roaming\Composer\vendor\bin; C:\MinGW\bin;C:\Users\J\Desktop]
23:02:15 **** Running scanner discovery: CDT GCC Built-in Compiler Settings MinGW ****
g++ -E -P -v -dD C:/Users/J/Documents/Coding/Java/.metadata/.plugins/org.eclipse.cdt.managedbuilder.core/spec.C 
Cannot run program "g++": Launching failed

Error: Program "g++" not found in PATH
PATH=[\bin;C:\MinGW\msys\1.0\bin;C:/Program Files/Java/jre1.8.0_121/bin/server;C:/Program Files/Java/jre1.8.0_121/bin;C:/Program Files/Java/jre1.8.0_121/lib/amd64;C:\ProgramData\Oracle\Java\javapath;C:\Program Files (x86)\AMD APP\bin\x86_64;C:\Program Files (x86)\AMD APP\bin\x86;C:\Program Files\Common Files\Microsoft Shared\Windows Live;C:\Program Files (x86)\Common Files\Microsoft Shared\Windows Live;C:\WINDOWS\system32;C:\WINDOWS;C:\WINDOWS\System32\Wbem;C:\WINDOWS\System32\WindowsPowerShell\v1.0\;C:\Program Files (x86)\Windows Live\Shared;C:\Program Files (x86)\EgisTec MyWinLocker\x64;C:\Program Files (x86)\EgisTec MyWinLocker\;C:\Program Files (x86)\ATI Technologies\ATI.ACE\Core-Static;C:\Program Files (x86)\QuickTime\QTSystem\;C:\Program Files\nodejs\;C:\Program Files (x86)\Heroku\bin;C:\Program Files (x86)\git\cmd;C:\Program Files (x86)\Git\cmd;C:\Program Files\Java\jdk1.8.0_92\bin;C:\Program Files (x86)\Brackets\command;C:\Program Files (x86)\Skype\Phone\;C:\wamp\bin\php\php5.5.12;C:\ProgramData\ComposerSetup\bin;C:\Ruby23\bin;C:\Program Files\MongoDB\Server\3.2\bin;C:\Users\J\AppData\Local\Microsoft\WindowsApps;C:\Program Files\Java\jdk1.8.0_92\bin;C:\Users\J\AppData\Roaming\npm;C:\wamp\bin\mysql\mysql5.6.17\bin;C:\Users\J\AppData\Roaming\Composer\vendor\bin; C:\MinGW\bin;C:\Users\J\Desktop]
Info: Nothing to build for test
23:05:28 **** Running scanner discovery: CDT GCC Built-in Compiler Settings MinGW ****
gcc -E -P -v -dD C:/Users/J/Documents/Coding/Java/.metadata/.plugins/org.eclipse.cdt.managedbuilder.core/spec.c 
Using built-in specs.
COLLECT_GCC=gcc
Target: mingw32
Configured with: ../src/gcc-5.3.0/configure --build=x86_64-pc-linux-gnu --host=mingw32 --prefix=/mingw --disable-win32-registry --target=mingw32 --with-arch=i586 --enable-languages=c,c++,objc,obj-c++,fortran,ada --enable-static --enable-shared --enable-threads --with-dwarf2 --disable-sjlj-exceptions --enable-version-specific-runtime-libs --with-libintl-prefix=/mingw --enable-libstdcxx-debug --with-tune=generic --enable-libgomp --disable-libvtv --enable-nls : (reconfigured) ../src/gcc-5.3.0/configure --build=x86_64-pc-linux-gnu --host=mingw32 --prefix=/mingw --disable-win32-registry --target=mingw32 --with-arch=i586 --enable-languages=c,c++,objc,obj-c++,fortran,ada --enable-static --enable-shared --enable-threads --with-dwarf2 --disable-sjlj-exceptions --enable-version-specific-runtime-libs --with-libiconv-prefix=/mingw --with-libintl-prefix=/mingw --enable-libstdcxx-debug --with-tune=generic --enable-libgomp --disable-libvtv --enable-nls
Thread model: win32
gcc version 5.3.0 (GCC) 
COLLECT_GCC_OPTIONS='-E' '-P' '-v' '-dD' '-mtune=generic' '-march=i586'
 c:/mingw/bin/../libexec/gcc/mingw32/5.3.0/cc1.exe -E -quiet -v -P -iprefix c:\mingw\bin\../lib/gcc/mingw32/5.3.0/ C:/Users/J/Documents/Coding/Java/.metadata/.plugins/org.eclipse.cdt.managedbuilder.core/spec.c -mtune=generic -march=i586 -dD
#define __STDC__ 1
#define __STDC_VERSION__ 201112L
#define __STDC_UTF_16__ 1
#define __STDC_UTF_32__ 1
#define __STDC_HOSTED__ 1
#define __GNUC__ 5
#define __GNUC_MINOR__ 3
#define __GNUC_PATCHLEVEL__ 0
#define __VERSION__ "5.3.0"
#define __ATOMIC_RELAXED 0
#define __ATOMIC_SEQ_CST 5
#define __ATOMIC_ACQUIRE 2
#define __ATOMIC_RELEASE 3
#define __ATOMIC_ACQ_REL 4
#define __ATOMIC_CONSUME 1
#define __FINITE_MATH_ONLY__ 0
#define __SIZEOF_INT__ 4
#define __SIZEOF_LONG__ 4
#define __SIZEOF_LONG_LONG__ 8
#define __SIZEOF_SHORT__ 2
#define __SIZEOF_FLOAT__ 4
#define __SIZEOF_DOUBLE__ 8
#define __SIZEOF_LONG_DOUBLE__ 12
#define __SIZEOF_SIZE_T__ 4
#define __CHAR_BIT__ 8
#define __BIGGEST_ALIGNMENT__ 16
#define __ORDER_LITTLE_ENDIAN__ 1234
#define __ORDER_BIG_ENDIAN__ 4321
#define __ORDER_PDP_ENDIAN__ 3412
#define __BYTE_ORDER__ __ORDER_LITTLE_ENDIAN__
#define __FLOAT_WORD_ORDER__ __ORDER_LITTLE_ENDIAN__
#define __SIZEOF_POINTER__ 4
#define __SIZE_TYPE__ unsigned int
#define __PTRDIFF_TYPE__ int
#define __WCHAR_TYPE__ short unsigned int
#define __WINT_TYPE__ short unsigned int
#define __INTMAX_TYPE__ long long int
#define __UINTMAX_TYPE__ long long unsigned int
#define __CHAR16_TYPE__ short unsigned int
#define __CHAR32_TYPE__ unsigned int
#define __SIG_ATOMIC_TYPE__ int
#define __INT8_TYPE__ signed char
#define __INT16_TYPE__ short int
#define __INT32_TYPE__ int
#define __INT64_TYPE__ long long int
#define __UINT8_TYPE__ unsigned char
#define __UINT16_TYPE__ short unsigned int
#define __UINT32_TYPE__ unsigned int
#define __UINT64_TYPE__ long long unsigned int
#define __INT_LEAST8_TYPE__ signed char
#define __INT_LEAST16_TYPE__ short int
#define __INT_LEAST32_TYPE__ int
#define __INT_LEAST64_TYPE__ long long int
#define __UINT_LEAST8_TYPE__ unsigned char
#define __UINT_LEAST16_TYPE__ short unsigned int
#define __UINT_LEAST32_TYPE__ unsigned int
#define __UINT_LEAST64_TYPE__ long long unsigned int
#define __INT_FAST8_TYPE__ signed char
#define __INT_FAST16_TYPE__ short int
#define __INT_FAST32_TYPE__ int
#define __INT_FAST64_TYPE__ long long int
#define __UINT_FAST8_TYPE__ unsigned char
#define __UINT_FAST16_TYPE__ short unsigned int
#define __UINT_FAST32_TYPE__ unsigned int
#define __UINT_FAST64_TYPE__ long long unsigned int
#define __INTPTR_TYPE__ int
#define __UINTPTR_TYPE__ unsigned int
#define __has_include(STR) __has_include__(STR)
#define __has_include_next(STR) __has_include_next__(STR)
#define __GXX_ABI_VERSION 1009
#define __SCHAR_MAX__ 0x7f
#define __SHRT_MAX__ 0x7fff
#define __INT_MAX__ 0x7fffffff
#define __LONG_MAX__ 0x7fffffffL
#define __LONG_LONG_MAX__ 0x7fffffffffffffffLL
#define __WCHAR_MAX__ 0xffff
#define __WCHAR_MIN__ 0
#define __WINT_MAX__ 0xffff
#define __WINT_MIN__ 0
#define __PTRDIFF_MAX__ 0x7fffffff
#define __SIZE_MAX__ 0xffffffffU
#define __INTMAX_MAX__ 0x7fffffffffffffffLL
#define __INTMAX_C(c) c ## LL
#define __UINTMAX_MAX__ 0xffffffffffffffffULL
#define __UINTMAX_C(c) c ## ULL
#define __SIG_ATOMIC_MAX__ 0x7fffffff
#define __SIG_ATOMIC_MIN__ (-__SIG_ATOMIC_MAX__ - 1)
#define __INT8_MAX__ 0x7f
#define __INT16_MAX__ 0x7fff
#define __INT32_MAX__ 0x7fffffff
#define __INT64_MAX__ 0x7fffffffffffffffLL
#define __UINT8_MAX__ 0xff
#define __UINT16_MAX__ 0xffff
#define __UINT32_MAX__ 0xffffffffU
#define __UINT64_MAX__ 0xffffffffffffffffULL
#define __INT_LEAST8_MAX__ 0x7f
#define __INT8_C(c) c
#define __INT_LEAST16_MAX__ 0x7fff
#define __INT16_C(c) c
#define __INT_LEAST32_MAX__ 0x7fffffff
#define __INT32_C(c) c
#define __INT_LEAST64_MAX__ 0x7fffffffffffffffLL
#define __INT64_C(c) c ## LL
#define __UINT_LEAST8_MAX__ 0xff
#define __UINT8_C(c) c
#define __UINT_LEAST16_MAX__ 0xffff
#define __UINT16_C(c) c
#define __UINT_LEAST32_MAX__ 0xffffffffU
#define __UINT32_C(c) c ## U
#define __UINT_LEAST64_MAX__ 0xffffffffffffffffULL
#define __UINT64_C(c) c ## ULL
#define __INT_FAST8_MAX__ 0x7f
#define __INT_FAST16_MAX__ 0x7fff
#define __INT_FAST32_MAX__ 0x7fffffff
#define __INT_FAST64_MAX__ 0x7fffffffffffffffLL
#define __UINT_FAST8_MAX__ 0xff
#define __UINT_FAST16_MAX__ 0xffff
#define __UINT_FAST32_MAX__ 0xffffffffU
#define __UINT_FAST64_MAX__ 0xffffffffffffffffULL
#define __INTPTR_MAX__ 0x7fffffff
#define __UINTPTR_MAX__ 0xffffffffU
#define __GCC_IEC_559 2
#define __GCC_IEC_559_COMPLEX 2
#define __FLT_EVAL_METHOD__ 2
#define __DEC_EVAL_METHOD__ 2
#define __FLT_RADIX__ 2
#define __FLT_MANT_DIG__ 24
#define __FLT_DIG__ 6
#define __FLT_MIN_EXP__ (-125)
#define __FLT_MIN_10_EXP__ (-37)
#define __FLT_MAX_EXP__ 128
#define __FLT_MAX_10_EXP__ 38
#define __FLT_DECIMAL_DIG__ 9
#define __FLT_MAX__ 3.40282346638528859812e+38F
#define __FLT_MIN__ 1.17549435082228750797e-38F
#define __FLT_EPSILON__ 1.19209289550781250000e-7F
#define __FLT_DENORM_MIN__ 1.40129846432481707092e-45F
#define __FLT_HAS_DENORM__ 1
#define __FLT_HAS_INFINITY__ 1
#define __FLT_HAS_QUIET_NAN__ 1
#define __DBL_MANT_DIG__ 53
#define __DBL_DIG__ 15
#define __DBL_MIN_EXP__ (-1021)
#define __DBL_MIN_10_EXP__ (-307)
#define __DBL_MAX_EXP__ 1024
#define __DBL_MAX_10_EXP__ 308
#define __DBL_DECIMAL_DIG__ 17
#define __DBL_MAX__ ((double)1.79769313486231570815e+308L)
#define __DBL_MIN__ ((double)2.22507385850720138309e-308L)
#define __DBL_EPSILON__ ((double)2.22044604925031308085e-16L)
#define __DBL_DENORM_MIN__ ((double)4.94065645841246544177e-324L)
#define __DBL_HAS_DENORM__ 1
#define __DBL_HAS_INFINITY__ 1
#define __DBL_HAS_QUIET_NAN__ 1
#define __LDBL_MANT_DIG__ 64
#define __LDBL_DIG__ 18
#define __LDBL_MIN_EXP__ (-16381)
#define __LDBL_MIN_10_EXP__ (-4931)
#define __LDBL_MAX_EXP__ 16384
#define __LDBL_MAX_10_EXP__ 4932
#define __DECIMAL_DIG__ 21
#define __LDBL_MAX__ 1.18973149535723176502e+4932L
#define __LDBL_MIN__ 3.36210314311209350626e-4932L
#define __LDBL_EPSILON__ 1.08420217248550443401e-19L
#define __LDBL_DENORM_MIN__ 3.64519953188247460253e-4951L
#define __LDBL_HAS_DENORM__ 1
#define __LDBL_HAS_INFINITY__ 1
#define __LDBL_HAS_QUIET_NAN__ 1
#define __DEC32_MANT_DIG__ 7
#define __DEC32_MIN_EXP__ (-94)
#define __DEC32_MAX_EXP__ 97
#define __DEC32_MIN__ 1E-95DF
#define __DEC32_MAX__ 9.999999E96DF
#define __DEC32_EPSILON__ 1E-6DF
#define __DEC32_SUBNORMAL_MIN__ 0.000001E-95DF
#define __DEC64_MANT_DIG__ 16
#define __DEC64_MIN_EXP__ (-382)
#define __DEC64_MAX_EXP__ 385
#define __DEC64_MIN__ 1E-383DD
#define __DEC64_MAX__ 9.999999999999999E384DD
#define __DEC64_EPSILON__ 1E-15DD
#define __DEC64_SUBNORMAL_MIN__ 0.000000000000001E-383DD
#define __DEC128_MANT_DIG__ 34
#define __DEC128_MIN_EXP__ (-6142)
#define __DEC128_MAX_EXP__ 6145
#define __DEC128_MIN__ 1E-6143DL
#define __DEC128_MAX__ 9.999999999999999999999999999999999E6144DL
#define __DEC128_EPSILON__ 1E-33DL
#define __DEC128_SUBNORMAL_MIN__ 0.000000000000000000000000000000001E-6143DL
#define __REGISTER_PREFIX__ 
#define __USER_LABEL_PREFIX__ _
#define __GNUC_STDC_INLINE__ 1
#define __NO_INLINE__ 1
#define __GCC_HAVE_SYNC_COMPARE_AND_SWAP_1 1
#define __GCC_HAVE_SYNC_COMPARE_AND_SWAP_2 1
#define __GCC_HAVE_SYNC_COMPARE_AND_SWAP_4 1
#define __GCC_HAVE_SYNC_COMPARE_AND_SWAP_8 1
#define __GCC_ATOMIC_BOOL_LOCK_FREE 2
#define __GCC_ATOMIC_CHAR_LOCK_FREE 2
#define __GCC_ATOMIC_CHAR16_T_LOCK_FREE 2
#define __GCC_ATOMIC_CHAR32_T_LOCK_FREE 2
#define __GCC_ATOMIC_WCHAR_T_LOCK_FREE 2
#define __GCC_ATOMIC_SHORT_LOCK_FREE 2
#define __GCC_ATOMIC_INT_LOCK_FREE 2
#define __GCC_ATOMIC_LONG_LOCK_FREE 2
#define __GCC_ATOMIC_LLONG_LOCK_FREE 2
#define __GCC_ATOMIC_TEST_AND_SET_TRUEVAL 1
#define __GCC_ATOMIC_POINTER_LOCK_FREE 2
#define __GCC_HAVE_DWARF2_CFI_ASM 1
#define __PRAGMA_REDEFINE_EXTNAME 1
#define __SIZEOF_WCHAR_T__ 2
#define __SIZEOF_WINT_T__ 2
#define __SIZEOF_PTRDIFF_T__ 4
#define __i386 1
#define __i386__ 1
#define i386 1
#define __SIZEOF_FLOAT80__ 12
#define __SIZEOF_FLOAT128__ 16
#define __ATOMIC_HLE_ACQUIRE 65536
#define __ATOMIC_HLE_RELEASE 131072
#define __i586 1
#define __i586__ 1
#define __pentium 1
#define __pentium__ 1
#define __code_model_32__ 1
#define _X86_ 1
#define __stdcall __attribute__((__stdcall__))
#define __fastcall __attribute__((__fastcall__))
#define __thiscall __attribute__((__thiscall__))
#define __cdecl __attribute__((__cdecl__))
#define _stdcall __attribute__((__stdcall__))
#define _fastcall __attribute__((__fastcall__))
#define _thiscall __attribute__((__thiscall__))
#define _cdecl __attribute__((__cdecl__))
#define __GXX_MERGED_TYPEINFO_NAMES 0
#define __GXX_TYPEINFO_EQUALITY_INLINE 0
#define __MSVCRT__ 1
#define __MINGW32__ 1
#define _WIN32 1
#define __WIN32 1
#define __WIN32__ 1
#define WIN32 1
#define __WINNT 1
#define __WINNT__ 1
#define WINNT 1
#define _INTEGRAL_MAX_BITS 64
#define __declspec(x) __attribute__((x))
#define __DECIMAL_BID_FORMAT__ 1
ignoring duplicate directory "c:/mingw/lib/gcc/../../lib/gcc/mingw32/5.3.0/include"
ignoring duplicate directory "/mingw/lib/gcc/mingw32/5.3.0/../../../../include"
ignoring duplicate directory "c:/mingw/lib/gcc/../../include"
ignoring duplicate directory "c:/mingw/lib/gcc/../../lib/gcc/mingw32/5.3.0/include-fixed"
ignoring duplicate directory "c:/mingw/lib/gcc/../../lib/gcc/mingw32/5.3.0/../../../../mingw32/include"
ignoring duplicate directory "/mingw/include"
#include "..." search starts here:
#include <...> search starts here:
 c:\mingw\bin\../lib/gcc/mingw32/5.3.0/include
 c:\mingw\bin\../lib/gcc/mingw32/5.3.0/../../../../include
 c:\mingw\bin\../lib/gcc/mingw32/5.3.0/include-fixed
 c:\mingw\bin\../lib/gcc/mingw32/5.3.0/../../../../mingw32/include
End of search list.
COMPILER_PATH=c:/mingw/bin/../libexec/gcc/mingw32/5.3.0/;c:/mingw/bin/../libexec/gcc/;c:/mingw/bin/../lib/gcc/mingw32/5.3.0/../../../../mingw32/bin/
LIBRARY_PATH=c:/mingw/bin/../lib/gcc/mingw32/5.3.0/;c:/mingw/bin/../lib/gcc/;c:/mingw/bin/../lib/gcc/mingw32/5.3.0/../../../../mingw32/lib/;c:/mingw/bin/../lib/gcc/mingw32/5.3.0/../../../
COLLECT_GCC_OPTIONS='-E' '-P' '-v' '-dD' '-mtune=generic' '-march=i586'
23:05:38 **** Running scanner discovery: CDT GCC Built-in Compiler Settings MinGW ****
g++ -E -P -v -dD C:/Users/J/Documents/Coding/Java/.metadata/.plugins/org.eclipse.cdt.managedbuilder.core/spec.C 
Using built-in specs.
COLLECT_GCC=g++
Target: mingw32
Configured with: ../src/gcc-5.3.0/configure --build=x86_64-pc-linux-gnu --host=mingw32 --prefix=/mingw --disable-win32-registry --target=mingw32 --with-arch=i586 --enable-languages=c,c++,objc,obj-c++,fortran,ada --enable-static --enable-shared --enable-threads --with-dwarf2 --disable-sjlj-exceptions --enable-version-specific-runtime-libs --with-libintl-prefix=/mingw --enable-libstdcxx-debug --with-tune=generic --enable-libgomp --disable-libvtv --enable-nls : (reconfigured) ../src/gcc-5.3.0/configure --build=x86_64-pc-linux-gnu --host=mingw32 --prefix=/mingw --disable-win32-registry --target=mingw32 --with-arch=i586 --enable-languages=c,c++,objc,obj-c++,fortran,ada --enable-static --enable-shared --enable-threads --with-dwarf2 --disable-sjlj-exceptions --enable-version-specific-runtime-libs --with-libiconv-prefix=/mingw --with-libintl-prefix=/mingw --enable-libstdcxx-debug --with-tune=generic --enable-libgomp --disable-libvtv --enable-nls
Thread model: win32
gcc version 5.3.0 (GCC) 
COLLECT_GCC_OPTIONS='-E' '-P' '-v' '-dD' '-shared-libgcc' '-mtune=generic' '-march=i586'
 c:/mingw/bin/../libexec/gcc/mingw32/5.3.0/cc1plus.exe -E -quiet -v -P -iprefix c:\mingw\bin\../lib/gcc/mingw32/5.3.0/ C:/Users/J/Documents/Coding/Java/.metadata/.plugins/org.eclipse.cdt.managedbuilder.core/spec.c -mtune=generic -march=i586 -dD
#define __STDC__ 1
#define __cplusplus 199711L
#define __STDC_HOSTED__ 1
#define __GNUC__ 5
#define __GNUC_MINOR__ 3
#define __GNUC_PATCHLEVEL__ 0
#define __VERSION__ "5.3.0"
#define __ATOMIC_RELAXED 0
#define __ATOMIC_SEQ_CST 5
#define __ATOMIC_ACQUIRE 2
#define __ATOMIC_RELEASE 3
#define __ATOMIC_ACQ_REL 4
#define __ATOMIC_CONSUME 1
#define __FINITE_MATH_ONLY__ 0
#define __SIZEOF_INT__ 4
#define __SIZEOF_LONG__ 4
#define __SIZEOF_LONG_LONG__ 8
#define __SIZEOF_SHORT__ 2
#define __SIZEOF_FLOAT__ 4
#define __SIZEOF_DOUBLE__ 8
#define __SIZEOF_LONG_DOUBLE__ 12
#define __SIZEOF_SIZE_T__ 4
#define __CHAR_BIT__ 8
#define __BIGGEST_ALIGNMENT__ 16
#define __ORDER_LITTLE_ENDIAN__ 1234
#define __ORDER_BIG_ENDIAN__ 4321
#define __ORDER_PDP_ENDIAN__ 3412
#define __BYTE_ORDER__ __ORDER_LITTLE_ENDIAN__
#define __FLOAT_WORD_ORDER__ __ORDER_LITTLE_ENDIAN__
#define __SIZEOF_POINTER__ 4
#define __GNUG__ 5
#define __SIZE_TYPE__ unsigned int
#define __PTRDIFF_TYPE__ int
#define __WCHAR_TYPE__ short unsigned int
#define __WINT_TYPE__ short unsigned int
#define __INTMAX_TYPE__ long long int
#define __UINTMAX_TYPE__ long long unsigned int
#define __CHAR16_TYPE__ short unsigned int
#define __CHAR32_TYPE__ unsigned int
#define __SIG_ATOMIC_TYPE__ int
#define __INT8_TYPE__ signed char
#define __INT16_TYPE__ short int
#define __INT32_TYPE__ int
#define __INT64_TYPE__ long long int
#define __UINT8_TYPE__ unsigned char
#define __UINT16_TYPE__ short unsigned int
#define __UINT32_TYPE__ unsigned int
#define __UINT64_TYPE__ long long unsigned int
#define __INT_LEAST8_TYPE__ signed char
#define __INT_LEAST16_TYPE__ short int
#define __INT_LEAST32_TYPE__ int
#define __INT_LEAST64_TYPE__ long long int
#define __UINT_LEAST8_TYPE__ unsigned char
#define __UINT_LEAST16_TYPE__ short unsigned int
#define __UINT_LEAST32_TYPE__ unsigned int
#define __UINT_LEAST64_TYPE__ long long unsigned int
#define __INT_FAST8_TYPE__ signed char
#define __INT_FAST16_TYPE__ short int
#define __INT_FAST32_TYPE__ int
#define __INT_FAST64_TYPE__ long long int
#define __UINT_FAST8_TYPE__ unsigned char
#define __UINT_FAST16_TYPE__ short unsigned int
#define __UINT_FAST32_TYPE__ unsigned int
#define __UINT_FAST64_TYPE__ long long unsigned int
#define __INTPTR_TYPE__ int
#define __UINTPTR_TYPE__ unsigned int
#define __has_include(STR) __has_include__(STR)
#define __has_include_next(STR) __has_include_next__(STR)
#define __GXX_WEAK__ 1
#define __DEPRECATED 1
#define __GXX_RTTI 1
#define __cpp_rtti 199711
#define __cpp_binary_literals 201304
#define __cpp_runtime_arrays 198712
#define __EXCEPTIONS 1
#define __cpp_exceptions 199711
#define __GXX_ABI_VERSION 1009
#define __SCHAR_MAX__ 0x7f
#define __SHRT_MAX__ 0x7fff
#define __INT_MAX__ 0x7fffffff
#define __LONG_MAX__ 0x7fffffffL
#define __LONG_LONG_MAX__ 0x7fffffffffffffffLL
#define __WCHAR_MAX__ 0xffff
#define __WCHAR_MIN__ 0
#define __WINT_MAX__ 0xffff
#define __WINT_MIN__ 0
#define __PTRDIFF_MAX__ 0x7fffffff
#define __SIZE_MAX__ 0xffffffffU
#define __INTMAX_MAX__ 0x7fffffffffffffffLL
#define __INTMAX_C(c) c ## LL
#define __UINTMAX_MAX__ 0xffffffffffffffffULL
#define __UINTMAX_C(c) c ## ULL
#define __SIG_ATOMIC_MAX__ 0x7fffffff
#define __SIG_ATOMIC_MIN__ (-__SIG_ATOMIC_MAX__ - 1)
#define __INT8_MAX__ 0x7f
#define __INT16_MAX__ 0x7fff
#define __INT32_MAX__ 0x7fffffff
#define __INT64_MAX__ 0x7fffffffffffffffLL
#define __UINT8_MAX__ 0xff
#define __UINT16_MAX__ 0xffff
#define __UINT32_MAX__ 0xffffffffU
#define __UINT64_MAX__ 0xffffffffffffffffULL
#define __INT_LEAST8_MAX__ 0x7f
#define __INT8_C(c) c
#define __INT_LEAST16_MAX__ 0x7fff
#define __INT16_C(c) c
#define __INT_LEAST32_MAX__ 0x7fffffff
#define __INT32_C(c) c
#define __INT_LEAST64_MAX__ 0x7fffffffffffffffLL
#define __INT64_C(c) c ## LL
#define __UINT_LEAST8_MAX__ 0xff
#define __UINT8_C(c) c
#define __UINT_LEAST16_MAX__ 0xffff
#define __UINT16_C(c) c
#define __UINT_LEAST32_MAX__ 0xffffffffU
#define __UINT32_C(c) c ## U
#define __UINT_LEAST64_MAX__ 0xffffffffffffffffULL
#define __UINT64_C(c) c ## ULL
#define __INT_FAST8_MAX__ 0x7f
#define __INT_FAST16_MAX__ 0x7fff
#define __INT_FAST32_MAX__ 0x7fffffff
#define __INT_FAST64_MAX__ 0x7fffffffffffffffLL
#define __UINT_FAST8_MAX__ 0xff
#define __UINT_FAST16_MAX__ 0xffff
#define __UINT_FAST32_MAX__ 0xffffffffU
#define __UINT_FAST64_MAX__ 0xffffffffffffffffULL
#define __INTPTR_MAX__ 0x7fffffff
#define __UINTPTR_MAX__ 0xffffffffU
#define __GCC_IEC_559 2
#define __GCC_IEC_559_COMPLEX 2
#define __FLT_EVAL_METHOD__ 2
#define __DEC_EVAL_METHOD__ 2
#define __FLT_RADIX__ 2
#define __FLT_MANT_DIG__ 24
#define __FLT_DIG__ 6
#define __FLT_MIN_EXP__ (-125)
#define __FLT_MIN_10_EXP__ (-37)
#define __FLT_MAX_EXP__ 128
#define __FLT_MAX_10_EXP__ 38
#define __FLT_DECIMAL_DIG__ 9
#define __FLT_MAX__ 3.40282346638528859812e+38F
#define __FLT_MIN__ 1.17549435082228750797e-38F
#define __FLT_EPSILON__ 1.19209289550781250000e-7F
#define __FLT_DENORM_MIN__ 1.40129846432481707092e-45F
#define __FLT_HAS_DENORM__ 1
#define __FLT_HAS_INFINITY__ 1
#define __FLT_HAS_QUIET_NAN__ 1
#define __DBL_MANT_DIG__ 53
#define __DBL_DIG__ 15
#define __DBL_MIN_EXP__ (-1021)
#define __DBL_MIN_10_EXP__ (-307)
#define __DBL_MAX_EXP__ 1024
#define __DBL_MAX_10_EXP__ 308
#define __DBL_DECIMAL_DIG__ 17
#define __DBL_MAX__ double(1.79769313486231570815e+308L)
#define __DBL_MIN__ double(2.22507385850720138309e-308L)
#define __DBL_EPSILON__ double(2.22044604925031308085e-16L)
#define __DBL_DENORM_MIN__ double(4.94065645841246544177e-324L)
#define __DBL_HAS_DENORM__ 1
#define __DBL_HAS_INFINITY__ 1
#define __DBL_HAS_QUIET_NAN__ 1
#define __LDBL_MANT_DIG__ 64
#define __LDBL_DIG__ 18
#define __LDBL_MIN_EXP__ (-16381)
#define __LDBL_MIN_10_EXP__ (-4931)
#define __LDBL_MAX_EXP__ 16384
#define __LDBL_MAX_10_EXP__ 4932
#define __DECIMAL_DIG__ 21
#define __LDBL_MAX__ 1.18973149535723176502e+4932L
#define __LDBL_MIN__ 3.36210314311209350626e-4932L
#define __LDBL_EPSILON__ 1.08420217248550443401e-19L
#define __LDBL_DENORM_MIN__ 3.64519953188247460253e-4951L
#define __LDBL_HAS_DENORM__ 1
#define __LDBL_HAS_INFINITY__ 1
#define __LDBL_HAS_QUIET_NAN__ 1
#define __DEC32_MANT_DIG__ 7
#define __DEC32_MIN_EXP__ (-94)
#define __DEC32_MAX_EXP__ 97
#define __DEC32_MIN__ 1E-95DF
#define __DEC32_MAX__ 9.999999E96DF
#define __DEC32_EPSILON__ 1E-6DF
#define __DEC32_SUBNORMAL_MIN__ 0.000001E-95DF
#define __DEC64_MANT_DIG__ 16
#define __DEC64_MIN_EXP__ (-382)
#define __DEC64_MAX_EXP__ 385
#define __DEC64_MIN__ 1E-383DD
#define __DEC64_MAX__ 9.999999999999999E384DD
#define __DEC64_EPSILON__ 1E-15DD
#define __DEC64_SUBNORMAL_MIN__ 0.000000000000001E-383DD
#define __DEC128_MANT_DIG__ 34
#define __DEC128_MIN_EXP__ (-6142)
#define __DEC128_MAX_EXP__ 6145
#define __DEC128_MIN__ 1E-6143DL
#define __DEC128_MAX__ 9.999999999999999999999999999999999E6144DL
#define __DEC128_EPSILON__ 1E-33DL
#define __DEC128_SUBNORMAL_MIN__ 0.000000000000000000000000000000001E-6143DL
#define __REGISTER_PREFIX__ 
#define __USER_LABEL_PREFIX__ _
#define __GNUC_GNU_INLINE__ 1
#define __NO_INLINE__ 1
#define __WCHAR_UNSIGNED__ 1
#define __GCC_HAVE_SYNC_COMPARE_AND_SWAP_1 1
#define __GCC_HAVE_SYNC_COMPARE_AND_SWAP_2 1
#define __GCC_HAVE_SYNC_COMPARE_AND_SWAP_4 1
#define __GCC_HAVE_SYNC_COMPARE_AND_SWAP_8 1
#define __GCC_ATOMIC_BOOL_LOCK_FREE 2
#define __GCC_ATOMIC_CHAR_LOCK_FREE 2
#define __GCC_ATOMIC_CHAR16_T_LOCK_FREE 2
#define __GCC_ATOMIC_CHAR32_T_LOCK_FREE 2
#define __GCC_ATOMIC_WCHAR_T_LOCK_FREE 2
#define __GCC_ATOMIC_SHORT_LOCK_FREE 2
#define __GCC_ATOMIC_INT_LOCK_FREE 2
#define __GCC_ATOMIC_LONG_LOCK_FREE 2
#define __GCC_ATOMIC_LLONG_LOCK_FREE 2
#define __GCC_ATOMIC_TEST_AND_SET_TRUEVAL 1
#define __GCC_ATOMIC_POINTER_LOCK_FREE 2
#define __GCC_HAVE_DWARF2_CFI_ASM 1
#define __PRAGMA_REDEFINE_EXTNAME 1
#define __SIZEOF_WCHAR_T__ 2
#define __SIZEOF_WINT_T__ 2
#define __SIZEOF_PTRDIFF_T__ 4
#define __i386 1
#define __i386__ 1
#define i386 1
#define __SIZEOF_FLOAT80__ 12
#define __SIZEOF_FLOAT128__ 16
#define __ATOMIC_HLE_ACQUIRE 65536
#define __ATOMIC_HLE_RELEASE 131072
#define __i586 1
#define __i586__ 1
#define __pentium 1
#define __pentium__ 1
#define __code_model_32__ 1
#define _X86_ 1
#define __stdcall __attribute__((__stdcall__))
#define __fastcall __attribute__((__fastcall__))
#define __thiscall __attribute__((__thiscall__))
#define __cdecl __attribute__((__cdecl__))
#define _stdcall __attribute__((__stdcall__))
#define _fastcall __attribute__((__fastcall__))
#define _thiscall __attribute__((__thiscall__))
#define _cdecl __attribute__((__cdecl__))
#define __GXX_MERGED_TYPEINFO_NAMES 0
#define __GXX_TYPEINFO_EQUALITY_INLINE 0
#define __MSVCRT__ 1
#define __MINGW32__ 1
#define _WIN32 1
#define __WIN32 1
#define __WIN32__ 1
#define WIN32 1
#define __WINNT 1
#define __WINNT__ 1
#define WINNT 1
#define _INTEGRAL_MAX_BITS 64
#define __declspec(x) __attribute__((x))
#define __DECIMAL_BID_FORMAT__ 1
ignoring duplicate directory "c:/mingw/lib/gcc/../../lib/gcc/mingw32/5.3.0/include/c++"
ignoring duplicate directory "c:/mingw/lib/gcc/../../lib/gcc/mingw32/5.3.0/include/c++/mingw32"
ignoring duplicate directory "c:/mingw/lib/gcc/../../lib/gcc/mingw32/5.3.0/include/c++/backward"
ignoring duplicate directory "c:/mingw/lib/gcc/../../lib/gcc/mingw32/5.3.0/include"
ignoring duplicate directory "/mingw/lib/gcc/mingw32/5.3.0/../../../../include"
ignoring duplicate directory "c:/mingw/lib/gcc/../../include"
ignoring duplicate directory "c:/mingw/lib/gcc/../../lib/gcc/mingw32/5.3.0/include-fixed"
ignoring duplicate directory "c:/mingw/lib/gcc/../../lib/gcc/mingw32/5.3.0/../../../../mingw32/include"
ignoring duplicate directory "/mingw/include"
#include "..." search starts here:
#include <...> search starts here:
 c:\mingw\bin\../lib/gcc/mingw32/5.3.0/include/c++
 c:\mingw\bin\../lib/gcc/mingw32/5.3.0/include/c++/mingw32
 c:\mingw\bin\../lib/gcc/mingw32/5.3.0/include/c++/backward
 c:\mingw\bin\../lib/gcc/mingw32/5.3.0/include
 c:\mingw\bin\../lib/gcc/mingw32/5.3.0/../../../../include
 c:\mingw\bin\../lib/gcc/mingw32/5.3.0/include-fixed
 c:\mingw\bin\../lib/gcc/mingw32/5.3.0/../../../../mingw32/include
End of search list.
COMPILER_PATH=c:/mingw/bin/../libexec/gcc/mingw32/5.3.0/;c:/mingw/bin/../libexec/gcc/;c:/mingw/bin/../lib/gcc/mingw32/5.3.0/../../../../mingw32/bin/
LIBRARY_PATH=c:/mingw/bin/../lib/gcc/mingw32/5.3.0/;c:/mingw/bin/../lib/gcc/;c:/mingw/bin/../lib/gcc/mingw32/5.3.0/../../../../mingw32/lib/;c:/mingw/bin/../lib/gcc/mingw32/5.3.0/../../../
COLLECT_GCC_OPTIONS='-E' '-P' '-v' '-dD' '-shared-libgcc' '-mtune=generic' '-march=i586'
Info: Nothing to build for test
23:07:19 **** Clean-only build of configuration Debug for project test ****
rm -rf test.exe src/test.o src/test.d 
      0 [main] us 0 init_cheap: VirtualAlloc pointer is null, Win32 error 487
AllocationBase 0x0, BaseAddress 0x60EA0000, RegionSize 0x230000, State 0x10000
C:\MinGW\msys\1.0\bin\rm.exe: *** Couldn't reserve space for cygwin's heap, Win32 error 0
23:07:20 **** Rebuild of configuration Debug for project test ****
Info: Internal Builder is used for build
g++ -O0 -g3 -Wall -c -fmessage-length=0 -o "src\\test.o" "..\\src\\test.cpp" 
g++ -o test.exe "src\\test.o" 
Info: Nothing to build for test
Info: Nothing to build for test
